mode: set
ApiGateway/handlers/compressionProcessor.go:11.59,16.45 3 1
ApiGateway/handlers/compressionProcessor.go:36.2,36.25 1 1
ApiGateway/handlers/compressionProcessor.go:17.14,20.17 2 1
ApiGateway/handlers/compressionProcessor.go:24.3,26.40 3 1
ApiGateway/handlers/compressionProcessor.go:27.17,32.40 4 1
ApiGateway/handlers/compressionProcessor.go:33.10,34.47 1 1
ApiGateway/handlers/compressionProcessor.go:20.17,23.4 2 1
ApiGateway/handlers/handler.go:43.47,46.31 3 1
ApiGateway/handlers/handler.go:54.2,54.12 1 1
ApiGateway/handlers/handler.go:46.31,47.20 1 1
ApiGateway/handlers/handler.go:47.20,50.4 2 1
ApiGateway/handlers/handler.go:50.4,52.4 1 1
ApiGateway/handlers/handler.go:57.32,59.36 2 1
ApiGateway/handlers/handler.go:64.2,64.12 1 1
ApiGateway/handlers/handler.go:59.36,61.3 1 1
ApiGateway/handlers/handler.go:61.3,63.3 1 1
ApiGateway/handlers/handler.go:67.35,69.110 2 1
ApiGateway/handlers/handler.go:72.2,72.12 1 1
ApiGateway/handlers/handler.go:69.110,71.3 1 1
ApiGateway/handlers/handler.go:75.55,77.23 2 1
ApiGateway/handlers/handler.go:77.23,83.3 1 1
ApiGateway/handlers/handler.go:86.69,94.23 2 1
ApiGateway/handlers/handler.go:94.23,104.3 1 1
