mode: set
ApiGateway/managers/gatewayManager.go:33.107,39.17 6 1
ApiGateway/managers/gatewayManager.go:50.2,50.32 1 1
ApiGateway/managers/gatewayManager.go:65.2,65.16 1 1
ApiGateway/managers/gatewayManager.go:39.17,42.42 2 1
ApiGateway/managers/gatewayManager.go:42.42,44.4 1 1
ApiGateway/managers/gatewayManager.go:45.3,49.3 1 1
ApiGateway/managers/gatewayManager.go:50.32,51.23 1 1
ApiGateway/managers/gatewayManager.go:51.23,52.24 1 1
ApiGateway/managers/gatewayManager.go:52.24,54.10 2 1
ApiGateway/managers/gatewayManager.go:57.3,57.26 1 1
ApiGateway/managers/gatewayManager.go:57.26,58.23 1 1
ApiGateway/managers/gatewayManager.go:58.23,59.35 1 1
ApiGateway/managers/gatewayManager.go:59.35,61.10 2 1
ApiGateway/managers/gatewayManager.go:68.32,70.36 2 1
ApiGateway/managers/gatewayManager.go:75.2,75.12 1 1
ApiGateway/managers/gatewayManager.go:70.36,72.3 1 1
ApiGateway/managers/gatewayManager.go:72.3,74.3 1 1
ApiGateway/managers/gatewayManager.go:78.71,89.2 10 1
ApiGateway/managers/gatewayManager.go:91.82,101.2 9 1
